Starting search
GOALTEST: false
GOALTEST: false
From: 1 1
To: 1 2 | dir: KANAN
                        >>> KANAN
GOALTEST: false
GOALTEST: false
From: 1 1
To: 1 2 | dir: KANAN
                        >>> KANAN
GOALTEST: false
From: 1 2
To: 1 3 | dir: KANAN
                        >>> KANAN
GOALTEST: false
GOALTEST: false
From: 1 1
To: 1 2 | dir: KANAN
                        >>> KANAN
GOALTEST: false
From: 1 2
To: 1 3 | dir: KANAN
                        >>> KANAN
GOALTEST: false
                        >>> AMBIL
Items empty: true
GOALTEST: true
Reached the end bb
